C:\Program Files (x86)\MSBuild\Microsoft.Cpp\v4.0\V140\Microsoft.CppBuild.targets(392,5): warning MSB8028: The intermediate directory (Debug\) contains files shared from another project (Pxblinn.vcxproj).  This can lead to incorrect clean and rebuild behavior.
  PxrBlinn.cpp
c:\program files\pixar\rendermanproserver-21.3\include\ritypeshelper.h(1233): warning C4244: '=': conversion from 'double' to 'float', possible loss of data
c:\program files\pixar\rendermanproserver-21.3\include\ritypeshelper.h(1234): warning C4244: '=': conversion from 'double' to 'float', possible loss of data
c:\program files\pixar\rendermanproserver-21.3\include\ritypeshelper.h(1236): warning C4244: '=': conversion from 'double' to 'float', possible loss of data
c:\program files\pixar\rendermanproserver-21.3\include\ritypeshelper.h(1237): warning C4244: '=': conversion from 'double' to 'float', possible loss of data
c:\program files\pixar\rendermanproserver-21.3\include\ritypeshelper.h(1239): warning C4244: '=': conversion from 'double' to 'float', possible loss of data
c:\program files\pixar\rendermanproserver-21.3\include\ritypeshelper.h(1240): warning C4244: '=': conversion from 'double' to 'float', possible loss of data
c:\program files\pixar\rendermanproserver-21.3\include\ritypeshelper.h(1242): warning C4244: '=': conversion from 'double' to 'float', possible loss of data
c:\program files\pixar\rendermanproserver-21.3\include\ritypeshelper.h(1243): warning C4244: '=': conversion from 'double' to 'float', possible loss of data
c:\program files\pixar\rendermanproserver-21.3\include\ritypeshelper.h(1246): warning C4244: '=': conversion from 'double' to 'float', possible loss of data
c:\program files\pixar\rendermanproserver-21.3\include\ritypeshelper.h(1247): warning C4244: '=': conversion from 'double' to 'float', possible loss of data
c:\program files\pixar\rendermanproserver-21.3\include\ritypeshelper.h(1249): warning C4244: '=': conversion from 'double' to 'float', possible loss of data
c:\program files\pixar\rendermanproserver-21.3\include\ritypeshelper.h(1250): warning C4244: '=': conversion from 'double' to 'float', possible loss of data
c:\program files\pixar\rendermanproserver-21.3\include\ritypeshelper.h(1252): warning C4244: '=': conversion from 'double' to 'float', possible loss of data
c:\program files\pixar\rendermanproserver-21.3\include\ritypeshelper.h(1253): warning C4244: '=': conversion from 'double' to 'float', possible loss of data
c:\program files\pixar\rendermanproserver-21.3\include\ritypeshelper.h(1255): warning C4244: '=': conversion from 'double' to 'float', possible loss of data
c:\program files\pixar\rendermanproserver-21.3\include\ritypeshelper.h(1256): warning C4244: '=': conversion from 'double' to 'float', possible loss of data
c:\users\jin kim\documents\visual studio 2015\projects\pxrblinn\pxrblinn\pxrblinn.cpp(304): warning C4244: 'initializing': conversion from 'double' to 'float', possible loss of data
c:\users\jin kim\documents\visual studio 2015\projects\pxrblinn\pxrblinn\pxrblinn.cpp(316): warning C4244: 'initializing': conversion from 'double' to 'float', possible loss of data
c:\users\jin kim\documents\visual studio 2015\projects\pxrblinn\pxrblinn\pxrblinn.cpp(324): warning C4244: '=': conversion from 'double' to 'float', possible loss of data
c:\users\jin kim\documents\visual studio 2015\projects\pxrblinn\pxrblinn\pxrblinn.cpp(388): warning C4244: '=': conversion from 'double' to 'float', possible loss of data
     Creating library C:\Users\Jin Kim\Documents\Visual Studio 2015\Projects\PxrBlinn\PxrBlinn\Debug\PxrBlinn.lib and object C:\Users\Jin Kim\Documents\Visual Studio 2015\Projects\PxrBlinn\PxrBlinn\Debug\PxrBlinn.exp
  Pxblinn.vcxproj -> C:\Users\Jin Kim\Documents\Visual Studio 2015\Projects\PxrBlinn\PxrBlinn\Debug\PxrBlinn.dll
  Pxblinn.vcxproj -> C:\Users\Jin Kim\Documents\Visual Studio 2015\Projects\PxrBlinn\PxrBlinn\Debug\PxrBlinn.pdb (Full PDB)
